<?xml version="1.0" encoding="UTF-8"?>
<testng-results skipped="0" failed="7" ignored="0" total="7" passed="0">
  <reporter-output>
  </reporter-output>
  <suite name="Suite" duration-ms="152739" started-at="2021-07-09T21:06:41 IST" finished-at="2021-07-09T21:09:13 IST">
    <groups>
    </groups>
    <test name="CARegression" duration-ms="152739" started-at="2021-07-09T21:06:41 IST" finished-at="2021-07-09T21:09:13 IST">
      <class name="org.ca.webportal.testcases.TC003_CA_AddTeam">
        <test-method status="PASS" signature="SetData()[pri:0, instance:org.ca.webportal.testcases.TC003_CA_AddTeam@131276c2]" name="SetData" is-config="true" duration-ms="0" started-at="2021-07-09T21:06:41 IST" finished-at="2021-07-09T21:06:41 IST">
          <reporter-output>
          </reporter-output>
        </test-method> <!-- SetData -->
        <test-method status="FAIL" signature="addActivity(java.lang.String, java.lang.String, java.lang.String, java.lang.String, java.lang.String, java.lang.String, java.lang.String, java.lang.String, java.lang.String)[pri:0, instance:org.ca.webportal.testcases.TC003_CA_AddTeam@131276c2]" name="addActivity" duration-ms="375" started-at="2021-07-09T21:06:41 IST" data-provider="exceldata" finished-at="2021-07-09T21:06:41 IST">
          <exception class="org.testng.internal.reflect.MethodMatcherException">
            <message>
              <![CDATA[
[public void org.ca.webportal.testcases.TC003_CA_AddTeam.addActivity(java.lang.String,java.lang.String,java.lang.String,java.lang.String,java.lang.String,java.lang.String,java.lang.String,java.lang.String,java.lang.String) throws java.lang.InterruptedException,java.awt.AWTException] has no parameters defined but was found to be using a data provider (either explicitly specified or inherited from class level annotation).
Data provider mismatch
Method: addActivity([Parameter{index=0, type=java.lang.String, declaredAnnotations=[]}, Parameter{index=1, type=java.lang.String, declaredAnnotations=[]}, Parameter{index=2, type=java.lang.String, declaredAnnotations=[]}, Parameter{index=3, type=java.lang.String, declaredAnnotations=[]}, Parameter{index=4, type=java.lang.String, declaredAnnotations=[]}, Parameter{index=5, type=java.lang.String, declaredAnnotations=[]}, Parameter{index=6, type=java.lang.String, declaredAnnotations=[]}, Parameter{index=7, type=java.lang.String, declaredAnnotations=[]}, Parameter{index=8, type=java.lang.String, declaredAnnotations=[]}])
Arguments: [(java.lang.String) http://concussion-admin-web-dev.s3-website-us-east-1.amazonaws.com/,(java.lang.String) santhoshnarendra@gmail.com,(java.lang.String) TESTtest123,(java.lang.String) Football,(java.lang.String) Yes,(java.lang.String) Right Field,Left Field,Center Field,First Base,Second Base, Thrid Base, Umpire,(java.lang.String) tigers,(java.lang.String) D:/IDC/Concussion app/Images/Red Raiders/Red Raiders Team logo.PNG,(java.lang.String) Jones AT&T Stadium,(java.lang.String) tiger1,(java.lang.String) 01,(java.lang.String) tiger1@mail.com,(java.lang.String) India,(java.lang.String) 9856477621,(java.lang.String) D:/IDC/Concussion app/Images/Red Raiders/2_BRANDON BOUYER-RANDLE_LineBacker.PNG,(java.lang.String) Defense,(java.lang.String) Defender,(java.lang.String) Ready]]]>
            </message>
            <full-stacktrace>
              <![CDATA[org.testng.internal.reflect.MethodMatcherException: 
[public void org.ca.webportal.testcases.TC003_CA_AddTeam.addActivity(java.lang.String,java.lang.String,java.lang.String,java.lang.String,java.lang.String,java.lang.String,java.lang.String,java.lang.String,java.lang.String) throws java.lang.InterruptedException,java.awt.AWTException] has no parameters defined but was found to be using a data provider (either explicitly specified or inherited from class level annotation).
Data provider mismatch
Method: addActivity([Parameter{index=0, type=java.lang.String, declaredAnnotations=[]}, Parameter{index=1, type=java.lang.String, declaredAnnotations=[]}, Parameter{index=2, type=java.lang.String, declaredAnnotations=[]}, Parameter{index=3, type=java.lang.String, declaredAnnotations=[]}, Parameter{index=4, type=java.lang.String, declaredAnnotations=[]}, Parameter{index=5, type=java.lang.String, declaredAnnotations=[]}, Parameter{index=6, type=java.lang.String, declaredAnnotations=[]}, Parameter{index=7, type=java.lang.String, declaredAnnotations=[]}, Parameter{index=8, type=java.lang.String, declaredAnnotations=[]}])
Arguments: [(java.lang.String) http://concussion-admin-web-dev.s3-website-us-east-1.amazonaws.com/,(java.lang.String) santhoshnarendra@gmail.com,(java.lang.String) TESTtest123,(java.lang.String) Football,(java.lang.String) Yes,(java.lang.String) Right Field,Left Field,Center Field,First Base,Second Base, Thrid Base, Umpire,(java.lang.String) tigers,(java.lang.String) D:/IDC/Concussion app/Images/Red Raiders/Red Raiders Team logo.PNG,(java.lang.String) Jones AT&T Stadium,(java.lang.String) tiger1,(java.lang.String) 01,(java.lang.String) tiger1@mail.com,(java.lang.String) India,(java.lang.String) 9856477621,(java.lang.String) D:/IDC/Concussion app/Images/Red Raiders/2_BRANDON BOUYER-RANDLE_LineBacker.PNG,(java.lang.String) Defense,(java.lang.String) Defender,(java.lang.String) Ready]
at org.testng.internal.reflect.DataProviderMethodMatcher.getConformingArguments(DataProviderMethodMatcher.java:43)
at org.testng.internal.Parameters.injectParameters(Parameters.java:925)
at org.testng.internal.MethodRunner.runInSequence(MethodRunner.java:34)
at org.testng.internal.TestInvoker$MethodInvocationAgent.invoke(TestInvoker.java:804)
at org.testng.internal.TestInvoker.invokeTestMethods(TestInvoker.java:145)
at org.testng.internal.TestMethodWorker.invokeTestMethods(TestMethodWorker.java:146)
at org.testng.internal.TestMethodWorker.run(TestMethodWorker.java:128)
at java.util.ArrayList.forEach(Unknown Source)
at org.testng.TestRunner.privateRun(TestRunner.java:770)
at org.testng.TestRunner.run(TestRunner.java:591)
at org.testng.SuiteRunner.runTest(SuiteRunner.java:402)
at org.testng.SuiteRunner.runSequentially(SuiteRunner.java:396)
at org.testng.SuiteRunner.privateRun(SuiteRunner.java:355)
at org.testng.SuiteRunner.run(SuiteRunner.java:304)
at org.testng.SuiteRunnerWorker.runSuite(SuiteRunnerWorker.java:53)
at org.testng.SuiteRunnerWorker.run(SuiteRunnerWorker.java:96)
at org.testng.TestNG.runSuitesSequentially(TestNG.java:1180)
at org.testng.TestNG.runSuitesLocally(TestNG.java:1102)
at org.testng.TestNG.runSuites(TestNG.java:1032)
at org.testng.TestNG.run(TestNG.java:1000)
at org.testng.remote.AbstractRemoteTestNG.run(AbstractRemoteTestNG.java:115)
at org.testng.remote.RemoteTestNG.initAndRun(RemoteTestNG.java:251)
at org.testng.remote.RemoteTestNG.main(RemoteTestNG.java:77)
]]>
            </full-stacktrace>
          </exception> <!-- org.testng.internal.reflect.MethodMatcherException -->
          <reporter-output>
          </reporter-output>
        </test-method> <!-- addActivity -->
      </class> <!-- org.ca.webportal.testcases.TC003_CA_AddTeam -->
      <class name="org.ca.webportal.testcases.TC002_CA_AddActivity">
        <test-method status="PASS" signature="SetData()[pri:0, instance:org.ca.webportal.testcases.TC002_CA_AddActivity@711f39f9]" name="SetData" is-config="true" duration-ms="0" started-at="2021-07-09T21:06:41 IST" finished-at="2021-07-09T21:06:41 IST">
          <reporter-output>
          </reporter-output>
        </test-method> <!-- SetData -->
        <test-method status="FAIL" signature="addActivity(java.lang.String, java.lang.String, java.lang.String, java.lang.String, java.lang.String, java.lang.String)[pri:0, instance:org.ca.webportal.testcases.TC002_CA_AddActivity@711f39f9]" name="addActivity" duration-ms="45" started-at="2021-07-09T21:09:13 IST" data-provider="exceldata" finished-at="2021-07-09T21:09:13 IST">
          <exception class="org.testng.internal.reflect.MethodMatcherException">
            <message>
              <![CDATA[
[public void org.ca.webportal.testcases.TC002_CA_AddActivity.addActivity(java.lang.String,java.lang.String,java.lang.String,java.lang.String,java.lang.String,java.lang.String) throws java.lang.InterruptedException,java.awt.AWTException] has no parameters defined but was found to be using a data provider (either explicitly specified or inherited from class level annotation).
Data provider mismatch
Method: addActivity([Parameter{index=0, type=java.lang.String, declaredAnnotations=[]}, Parameter{index=1, type=java.lang.String, declaredAnnotations=[]}, Parameter{index=2, type=java.lang.String, declaredAnnotations=[]}, Parameter{index=3, type=java.lang.String, declaredAnnotations=[]}, Parameter{index=4, type=java.lang.String, declaredAnnotations=[]}, Parameter{index=5, type=java.lang.String, declaredAnnotations=[]}])
Arguments: [(java.lang.String) http://concussion-admin-web-dev.s3-website-us-east-1.amazonaws.com/,(java.lang.String) santhoshnarendra@gmail.com,(java.lang.String) TESTtest123,(java.lang.String) Football,(java.lang.String) Yes,(java.lang.String) Right Field,Left Field,Center Field,First Base,Second Base, Thrid Base, Umpire,(java.lang.String) tigers,(java.lang.String) D:/IDC/Concussion app/Images/Red Raiders/Red Raiders Team logo.PNG,(java.lang.String) Jones AT&T Stadium,(java.lang.String) tiger1,(java.lang.String) 01,(java.lang.String) tiger1@mail.com,(java.lang.String) India,(java.lang.String) 9856477621,(java.lang.String) D:/IDC/Concussion app/Images/Red Raiders/2_BRANDON BOUYER-RANDLE_LineBacker.PNG,(java.lang.String) Defense,(java.lang.String) Defender,(java.lang.String) Ready]]]>
            </message>
            <full-stacktrace>
              <![CDATA[org.testng.internal.reflect.MethodMatcherException: 
[public void org.ca.webportal.testcases.TC002_CA_AddActivity.addActivity(java.lang.String,java.lang.String,java.lang.String,java.lang.String,java.lang.String,java.lang.String) throws java.lang.InterruptedException,java.awt.AWTException] has no parameters defined but was found to be using a data provider (either explicitly specified or inherited from class level annotation).
Data provider mismatch
Method: addActivity([Parameter{index=0, type=java.lang.String, declaredAnnotations=[]}, Parameter{index=1, type=java.lang.String, declaredAnnotations=[]}, Parameter{index=2, type=java.lang.String, declaredAnnotations=[]}, Parameter{index=3, type=java.lang.String, declaredAnnotations=[]}, Parameter{index=4, type=java.lang.String, declaredAnnotations=[]}, Parameter{index=5, type=java.lang.String, declaredAnnotations=[]}])
Arguments: [(java.lang.String) http://concussion-admin-web-dev.s3-website-us-east-1.amazonaws.com/,(java.lang.String) santhoshnarendra@gmail.com,(java.lang.String) TESTtest123,(java.lang.String) Football,(java.lang.String) Yes,(java.lang.String) Right Field,Left Field,Center Field,First Base,Second Base, Thrid Base, Umpire,(java.lang.String) tigers,(java.lang.String) D:/IDC/Concussion app/Images/Red Raiders/Red Raiders Team logo.PNG,(java.lang.String) Jones AT&T Stadium,(java.lang.String) tiger1,(java.lang.String) 01,(java.lang.String) tiger1@mail.com,(java.lang.String) India,(java.lang.String) 9856477621,(java.lang.String) D:/IDC/Concussion app/Images/Red Raiders/2_BRANDON BOUYER-RANDLE_LineBacker.PNG,(java.lang.String) Defense,(java.lang.String) Defender,(java.lang.String) Ready]
at org.testng.internal.reflect.DataProviderMethodMatcher.getConformingArguments(DataProviderMethodMatcher.java:43)
at org.testng.internal.Parameters.injectParameters(Parameters.java:925)
at org.testng.internal.MethodRunner.runInSequence(MethodRunner.java:34)
at org.testng.internal.TestInvoker$MethodInvocationAgent.invoke(TestInvoker.java:804)
at org.testng.internal.TestInvoker.invokeTestMethods(TestInvoker.java:145)
at org.testng.internal.TestMethodWorker.invokeTestMethods(TestMethodWorker.java:146)
at org.testng.internal.TestMethodWorker.run(TestMethodWorker.java:128)
at java.util.ArrayList.forEach(Unknown Source)
at org.testng.TestRunner.privateRun(TestRunner.java:770)
at org.testng.TestRunner.run(TestRunner.java:591)
at org.testng.SuiteRunner.runTest(SuiteRunner.java:402)
at org.testng.SuiteRunner.runSequentially(SuiteRunner.java:396)
at org.testng.SuiteRunner.privateRun(SuiteRunner.java:355)
at org.testng.SuiteRunner.run(SuiteRunner.java:304)
at org.testng.SuiteRunnerWorker.runSuite(SuiteRunnerWorker.java:53)
at org.testng.SuiteRunnerWorker.run(SuiteRunnerWorker.java:96)
at org.testng.TestNG.runSuitesSequentially(TestNG.java:1180)
at org.testng.TestNG.runSuitesLocally(TestNG.java:1102)
at org.testng.TestNG.runSuites(TestNG.java:1032)
at org.testng.TestNG.run(TestNG.java:1000)
at org.testng.remote.AbstractRemoteTestNG.run(AbstractRemoteTestNG.java:115)
at org.testng.remote.RemoteTestNG.initAndRun(RemoteTestNG.java:251)
at org.testng.remote.RemoteTestNG.main(RemoteTestNG.java:77)
]]>
            </full-stacktrace>
          </exception> <!-- org.testng.internal.reflect.MethodMatcherException -->
          <reporter-output>
          </reporter-output>
        </test-method> <!-- addActivity -->
      </class> <!-- org.ca.webportal.testcases.TC002_CA_AddActivity -->
      <class name="org.ca.webportal.testcases.TC001_CA_LoginLogout">
        <test-method status="PASS" signature="SetData()[pri:0, instance:org.ca.webportal.testcases.TC001_CA_LoginLogout@26aa12dd]" name="SetData" is-config="true" duration-ms="8" started-at="2021-07-09T21:06:41 IST" finished-at="2021-07-09T21:06:41 IST">
          <reporter-output>
          </reporter-output>
        </test-method> <!-- SetData -->
        <test-method status="FAIL" signature="loginLogout(java.lang.String, java.lang.String, java.lang.String, java.lang.String, java.lang.String, java.lang.String)[pri:0, instance:org.ca.webportal.testcases.TC001_CA_LoginLogout@26aa12dd]" name="loginLogout" duration-ms="38" started-at="2021-07-09T21:06:41 IST" data-provider="exceldata" finished-at="2021-07-09T21:06:41 IST">
          <exception class="org.testng.internal.reflect.MethodMatcherException">
            <message>
              <![CDATA[
[public void org.ca.webportal.testcases.TC001_CA_LoginLogout.loginLogout(java.lang.String,java.lang.String,java.lang.String,java.lang.String,java.lang.String,java.lang.String) throws java.lang.InterruptedException] has no parameters defined but was found to be using a data provider (either explicitly specified or inherited from class level annotation).
Data provider mismatch
Method: loginLogout([Parameter{index=0, type=java.lang.String, declaredAnnotations=[]}, Parameter{index=1, type=java.lang.String, declaredAnnotations=[]}, Parameter{index=2, type=java.lang.String, declaredAnnotations=[]}, Parameter{index=3, type=java.lang.String, declaredAnnotations=[]}, Parameter{index=4, type=java.lang.String, declaredAnnotations=[]}, Parameter{index=5, type=java.lang.String, declaredAnnotations=[]}])
Arguments: [(java.lang.String) http://concussion-admin-web-dev.s3-website-us-east-1.amazonaws.com/,(java.lang.String) santhoshnarendra@gmail.com,(java.lang.String) TESTtest123,(java.lang.String) Football,(java.lang.String) Yes,(java.lang.String) Right Field,Left Field,Center Field,First Base,Second Base, Thrid Base, Umpire,(java.lang.String) tigers,(java.lang.String) D:/IDC/Concussion app/Images/Red Raiders/Red Raiders Team logo.PNG,(java.lang.String) Jones AT&T Stadium,(java.lang.String) tiger1,(java.lang.String) 01,(java.lang.String) tiger1@mail.com,(java.lang.String) India,(java.lang.String) 9856477621,(java.lang.String) D:/IDC/Concussion app/Images/Red Raiders/2_BRANDON BOUYER-RANDLE_LineBacker.PNG,(java.lang.String) Defense,(java.lang.String) Defender,(java.lang.String) Ready]]]>
            </message>
            <full-stacktrace>
              <![CDATA[org.testng.internal.reflect.MethodMatcherException: 
[public void org.ca.webportal.testcases.TC001_CA_LoginLogout.loginLogout(java.lang.String,java.lang.String,java.lang.String,java.lang.String,java.lang.String,java.lang.String) throws java.lang.InterruptedException] has no parameters defined but was found to be using a data provider (either explicitly specified or inherited from class level annotation).
Data provider mismatch
Method: loginLogout([Parameter{index=0, type=java.lang.String, declaredAnnotations=[]}, Parameter{index=1, type=java.lang.String, declaredAnnotations=[]}, Parameter{index=2, type=java.lang.String, declaredAnnotations=[]}, Parameter{index=3, type=java.lang.String, declaredAnnotations=[]}, Parameter{index=4, type=java.lang.String, declaredAnnotations=[]}, Parameter{index=5, type=java.lang.String, declaredAnnotations=[]}])
Arguments: [(java.lang.String) http://concussion-admin-web-dev.s3-website-us-east-1.amazonaws.com/,(java.lang.String) santhoshnarendra@gmail.com,(java.lang.String) TESTtest123,(java.lang.String) Football,(java.lang.String) Yes,(java.lang.String) Right Field,Left Field,Center Field,First Base,Second Base, Thrid Base, Umpire,(java.lang.String) tigers,(java.lang.String) D:/IDC/Concussion app/Images/Red Raiders/Red Raiders Team logo.PNG,(java.lang.String) Jones AT&T Stadium,(java.lang.String) tiger1,(java.lang.String) 01,(java.lang.String) tiger1@mail.com,(java.lang.String) India,(java.lang.String) 9856477621,(java.lang.String) D:/IDC/Concussion app/Images/Red Raiders/2_BRANDON BOUYER-RANDLE_LineBacker.PNG,(java.lang.String) Defense,(java.lang.String) Defender,(java.lang.String) Ready]
at org.testng.internal.reflect.DataProviderMethodMatcher.getConformingArguments(DataProviderMethodMatcher.java:43)
at org.testng.internal.Parameters.injectParameters(Parameters.java:925)
at org.testng.internal.MethodRunner.runInSequence(MethodRunner.java:34)
at org.testng.internal.TestInvoker$MethodInvocationAgent.invoke(TestInvoker.java:804)
at org.testng.internal.TestInvoker.invokeTestMethods(TestInvoker.java:145)
at org.testng.internal.TestMethodWorker.invokeTestMethods(TestMethodWorker.java:146)
at org.testng.internal.TestMethodWorker.run(TestMethodWorker.java:128)
at java.util.ArrayList.forEach(Unknown Source)
at org.testng.TestRunner.privateRun(TestRunner.java:770)
at org.testng.TestRunner.run(TestRunner.java:591)
at org.testng.SuiteRunner.runTest(SuiteRunner.java:402)
at org.testng.SuiteRunner.runSequentially(SuiteRunner.java:396)
at org.testng.SuiteRunner.privateRun(SuiteRunner.java:355)
at org.testng.SuiteRunner.run(SuiteRunner.java:304)
at org.testng.SuiteRunnerWorker.runSuite(SuiteRunnerWorker.java:53)
at org.testng.SuiteRunnerWorker.run(SuiteRunnerWorker.java:96)
at org.testng.TestNG.runSuitesSequentially(TestNG.java:1180)
at org.testng.TestNG.runSuitesLocally(TestNG.java:1102)
at org.testng.TestNG.runSuites(TestNG.java:1032)
at org.testng.TestNG.run(TestNG.java:1000)
at org.testng.remote.AbstractRemoteTestNG.run(AbstractRemoteTestNG.java:115)
at org.testng.remote.RemoteTestNG.initAndRun(RemoteTestNG.java:251)
at org.testng.remote.RemoteTestNG.main(RemoteTestNG.java:77)
]]>
            </full-stacktrace>
          </exception> <!-- org.testng.internal.reflect.MethodMatcherException -->
          <reporter-output>
          </reporter-output>
        </test-method> <!-- loginLogout -->
      </class> <!-- org.ca.webportal.testcases.TC001_CA_LoginLogout -->
      <class name="org.ca.webportal.testcases.TC004_CA_AddPlayerForExisitingTeam">
        <test-method status="PASS" signature="SetData()[pri:0, instance:org.ca.webportal.testcases.TC004_CA_AddPlayerForExisitingTeam@3fd7a715]" name="SetData" is-config="true" duration-ms="0" started-at="2021-07-09T21:06:41 IST" finished-at="2021-07-09T21:06:41 IST">
          <reporter-output>
          </reporter-output>
        </test-method> <!-- SetData -->
        <test-method status="PASS" signature="launchBrowser()[pri:0, instance:org.ca.webportal.testcases.TC004_CA_AddPlayerForExisitingTeam@3fd7a715]" name="launchBrowser" is-config="true" duration-ms="1677" started-at="2021-07-09T21:06:41 IST" finished-at="2021-07-09T21:06:43 IST">
          <reporter-output>
          </reporter-output>
        </test-method> <!-- launchBrowser -->
        <test-method status="FAIL" signature="addActivity(java.lang.String, java.lang.String, java.lang.String, java.lang.String, java.lang.String, java.lang.String, java.lang.String, java.lang.String, java.lang.String, java.lang.String, java.lang.String, java.lang.String, java.lang.String, java.lang.String, java.lang.String, java.lang.String, java.lang.String, java.lang.String)[pri:0, instance:org.ca.webportal.testcases.TC004_CA_AddPlayerForExisitingTeam@3fd7a715]" name="addActivity" duration-ms="35197" started-at="2021-07-09T21:06:43 IST" data-provider="exceldata" finished-at="2021-07-09T21:07:18 IST">
          <params>
            <param index="0">
              <value>
                <![CDATA[http://concussion-admin-web-dev.s3-website-us-east-1.amazonaws.com/]]>
              </value>
            </param>
            <param index="1">
              <value>
                <![CDATA[santhoshnarendra@gmail.com]]>
              </value>
            </param>
            <param index="2">
              <value>
                <![CDATA[TESTtest123]]>
              </value>
            </param>
            <param index="3">
              <value>
                <![CDATA[Football]]>
              </value>
            </param>
            <param index="4">
              <value>
                <![CDATA[Yes]]>
              </value>
            </param>
            <param index="5">
              <value>
                <![CDATA[Right Field,Left Field,Center Field,First Base,Second Base, Thrid Base, Umpire]]>
              </value>
            </param>
            <param index="6">
              <value>
                <![CDATA[tigers]]>
              </value>
            </param>
            <param index="7">
              <value>
                <![CDATA[D:/IDC/Concussion app/Images/Red Raiders/Red Raiders Team logo.PNG]]>
              </value>
            </param>
            <param index="8">
              <value>
                <![CDATA[Jones AT&T Stadium]]>
              </value>
            </param>
            <param index="9">
              <value>
                <![CDATA[tiger1]]>
              </value>
            </param>
            <param index="10">
              <value>
                <![CDATA[01]]>
              </value>
            </param>
            <param index="11">
              <value>
                <![CDATA[tiger1@mail.com]]>
              </value>
            </param>
            <param index="12">
              <value>
                <![CDATA[India]]>
              </value>
            </param>
            <param index="13">
              <value>
                <![CDATA[9856477621]]>
              </value>
            </param>
            <param index="14">
              <value>
                <![CDATA[D:/IDC/Concussion app/Images/Red Raiders/2_BRANDON BOUYER-RANDLE_LineBacker.PNG]]>
              </value>
            </param>
            <param index="15">
              <value>
                <![CDATA[Defense]]>
              </value>
            </param>
            <param index="16">
              <value>
                <![CDATA[Defender]]>
              </value>
            </param>
            <param index="17">
              <value>
                <![CDATA[Ready]]>
              </value>
            </param>
          </params>
          <exception class="org.openqa.selenium.TimeoutException">
            <message>
              <![CDATA[Expected condition failed: waiting for element to be clickable: By.xpath: //span[text()='Add Activity'] (tried for 15 second(s) with 500 milliseconds interval)]]>
            </message>
            <full-stacktrace>
              <![CDATA[org.openqa.selenium.TimeoutException: Expected condition failed: waiting for element to be clickable: By.xpath: //span[text()='Add Activity'] (tried for 15 second(s) with 500 milliseconds interval)
at org.openqa.selenium.support.ui.WebDriverWait.timeoutException(WebDriverWait.java:95)
at org.openqa.selenium.support.ui.FluentWait.until(FluentWait.java:272)
at org.ca.webportal.pages.CAHomePage.waitforCAHomepagetoload(CAHomePage.java:18)
at org.ca.webportal.testcases.TC004_CA_AddPlayerForExisitingTeam.addActivity(TC004_CA_AddPlayerForExisitingTeam.java:45)
at sun.reflect.NativeMethodAccessorImpl.invoke0(Native Method)
at sun.reflect.NativeMethodAccessorImpl.invoke(Unknown Source)
at sun.reflect.DelegatingMethodAccessorImpl.invoke(Unknown Source)
at java.lang.reflect.Method.invoke(Unknown Source)
at org.testng.internal.MethodInvocationHelper.invokeMethod(MethodInvocationHelper.java:133)
at org.testng.internal.TestInvoker.invokeMethod(TestInvoker.java:584)
at org.testng.internal.TestInvoker.invokeTestMethod(TestInvoker.java:172)
at org.testng.internal.MethodRunner.runInSequence(MethodRunner.java:46)
at org.testng.internal.TestInvoker$MethodInvocationAgent.invoke(TestInvoker.java:804)
at org.testng.internal.TestInvoker.invokeTestMethods(TestInvoker.java:145)
at org.testng.internal.TestMethodWorker.invokeTestMethods(TestMethodWorker.java:146)
at org.testng.internal.TestMethodWorker.run(TestMethodWorker.java:128)
at java.util.ArrayList.forEach(Unknown Source)
at org.testng.TestRunner.privateRun(TestRunner.java:770)
at org.testng.TestRunner.run(TestRunner.java:591)
at org.testng.SuiteRunner.runTest(SuiteRunner.java:402)
at org.testng.SuiteRunner.runSequentially(SuiteRunner.java:396)
at org.testng.SuiteRunner.privateRun(SuiteRunner.java:355)
at org.testng.SuiteRunner.run(SuiteRunner.java:304)
at org.testng.SuiteRunnerWorker.runSuite(SuiteRunnerWorker.java:53)
at org.testng.SuiteRunnerWorker.run(SuiteRunnerWorker.java:96)
at org.testng.TestNG.runSuitesSequentially(TestNG.java:1180)
at org.testng.TestNG.runSuitesLocally(TestNG.java:1102)
at org.testng.TestNG.runSuites(TestNG.java:1032)
at org.testng.TestNG.run(TestNG.java:1000)
at org.testng.remote.AbstractRemoteTestNG.run(AbstractRemoteTestNG.java:115)
at org.testng.remote.RemoteTestNG.initAndRun(RemoteTestNG.java:251)
at org.testng.remote.RemoteTestNG.main(RemoteTestNG.java:77)
Caused by: org.openqa.selenium.NoSuchElementException: no such element: Unable to locate element: {"method":"xpath","selector":"//span[text()='Add Activity']"}
  (Session info: chrome=91.0.4472.124)
For documentation on this error, please visit: https://www.seleniumhq.org/exceptions/no_such_element.html
Build info: version: '3.141.59', revision: 'e82be7d358', time: '2018-11-14T08:17:03'
System info: host: 'DESKTOP-1K1DTO8', ip: '192.168.10.1', os.name: 'Windows 10', os.arch: 'amd64', os.version: '10.0', java.version: '1.8.0_241'
Driver info: org.openqa.selenium.chrome.ChromeDriver
Capabilities {acceptInsecureCerts: false, browserName: chrome, browserVersion: 91.0.4472.124, chrome: {chromedriverVersion: 91.0.4472.101 (af52a90bf870..., userDataDir: C:\Users\user\AppData\Local...}, goog:chromeOptions: {debuggerAddress: localhost:50425}, javascriptEnabled: true, networkConnectionEnabled: false, pageLoadStrategy: normal, platform: WINDOWS, platformName: WINDOWS, proxy: Proxy(), setWindowRect: true, strictFileInteractability: false, timeouts: {implicit: 0, pageLoad: 300000, script: 30000}, unhandledPromptBehavior: dismiss and notify, webauthn:extension:largeBlob: true, webauthn:virtualAuthenticators: true}
Session ID: f2e56e639cfe0fa49f26a4c8814153d1
*** Element info: {Using=xpath, value=//span[text()='Add Activity']}
at sun.reflect.NativeConstructorAccessorImpl.newInstance0(Native Method)
at sun.reflect.NativeConstructorAccessorImpl.newInstance(Unknown Source)
at sun.reflect.DelegatingConstructorAccessorImpl.newInstance(Unknown Source)
at java.lang.reflect.Constructor.newInstance(Unknown Source)
at org.openqa.selenium.remote.http.W3CHttpResponseCodec.createException(W3CHttpResponseCodec.java:187)
at org.openqa.selenium.remote.http.W3CHttpResponseCodec.decode(W3CHttpResponseCodec.java:122)
at org.openqa.selenium.remote.http.W3CHttpResponseCodec.decode(W3CHttpResponseCodec.java:49)
at org.openqa.selenium.remote.HttpCommandExecutor.execute(HttpCommandExecutor.java:158)
at org.openqa.selenium.remote.service.DriverCommandExecutor.execute(DriverCommandExecutor.java:83)
at org.openqa.selenium.remote.RemoteWebDriver.execute(RemoteWebDriver.java:552)
at org.openqa.selenium.remote.RemoteWebDriver.findElement(RemoteWebDriver.java:323)
at org.openqa.selenium.remote.RemoteWebDriver.findElementByXPath(RemoteWebDriver.java:428)
at org.openqa.selenium.By$ByXPath.findElement(By.java:353)
at org.openqa.selenium.remote.RemoteWebDriver.findElement(RemoteWebDriver.java:315)
at org.openqa.selenium.support.ui.ExpectedConditions$7.apply(ExpectedConditions.java:205)
at org.openqa.selenium.support.ui.ExpectedConditions$7.apply(ExpectedConditions.java:201)
at org.openqa.selenium.support.ui.ExpectedConditions$22.apply(ExpectedConditions.java:641)
at org.openqa.selenium.support.ui.ExpectedConditions$22.apply(ExpectedConditions.java:638)
at org.openqa.selenium.support.ui.FluentWait.until(FluentWait.java:249)
... 30 more
]]>
            </full-stacktrace>
          </exception> <!-- org.openqa.selenium.TimeoutException -->
          <reporter-output>
          </reporter-output>
        </test-method> <!-- addActivity -->
        <test-method status="PASS" signature="closeBrowser()[pri:0, instance:org.ca.webportal.testcases.TC004_CA_AddPlayerForExisitingTeam@3fd7a715]" name="closeBrowser" is-config="true" duration-ms="610" started-at="2021-07-09T21:07:18 IST" finished-at="2021-07-09T21:07:19 IST">
          <reporter-output>
          </reporter-output>
        </test-method> <!-- closeBrowser -->
        <test-method status="PASS" signature="launchBrowser()[pri:0, instance:org.ca.webportal.testcases.TC004_CA_AddPlayerForExisitingTeam@3fd7a715]" name="launchBrowser" is-config="true" duration-ms="1114" started-at="2021-07-09T21:07:19 IST" finished-at="2021-07-09T21:07:20 IST">
          <reporter-output>
          </reporter-output>
        </test-method> <!-- launchBrowser -->
        <test-method status="FAIL" signature="addActivity(java.lang.String, java.lang.String, java.lang.String, java.lang.String, java.lang.String, java.lang.String, java.lang.String, java.lang.String, java.lang.String, java.lang.String, java.lang.String, java.lang.String, java.lang.String, java.lang.String, java.lang.String, java.lang.String, java.lang.String, java.lang.String)[pri:0, instance:org.ca.webportal.testcases.TC004_CA_AddPlayerForExisitingTeam@3fd7a715]" name="addActivity" duration-ms="36573" started-at="2021-07-09T21:07:20 IST" data-provider="exceldata" finished-at="2021-07-09T21:07:56 IST">
          <params>
            <param index="0">
              <value>
                <![CDATA[http://concussion-admin-web-dev.s3-website-us-east-1.amazonaws.com/]]>
              </value>
            </param>
            <param index="1">
              <value>
                <![CDATA[santhoshnarendra@gmail.com]]>
              </value>
            </param>
            <param index="2">
              <value>
                <![CDATA[TESTtest123]]>
              </value>
            </param>
            <param index="3">
              <value>
                <![CDATA[Football]]>
              </value>
            </param>
            <param index="4">
              <value>
                <![CDATA[Yes]]>
              </value>
            </param>
            <param index="5">
              <value>
                <![CDATA[Right Field,Left Field,Center Field,First Base,Second Base, Thrid Base, Umpire]]>
              </value>
            </param>
            <param index="6">
              <value>
                <![CDATA[tigers]]>
              </value>
            </param>
            <param index="7">
              <value>
                <![CDATA[D:/IDC/Concussion app/Images/Red Raiders/Red Raiders Team logo.PNG]]>
              </value>
            </param>
            <param index="8">
              <value>
                <![CDATA[Jones AT&T Stadium]]>
              </value>
            </param>
            <param index="9">
              <value>
                <![CDATA[tiger2]]>
              </value>
            </param>
            <param index="10">
              <value>
                <![CDATA[02]]>
              </value>
            </param>
            <param index="11">
              <value>
                <![CDATA[tiger2@mail.com]]>
              </value>
            </param>
            <param index="12">
              <value>
                <![CDATA[US]]>
              </value>
            </param>
            <param index="13">
              <value>
                <![CDATA[9856477622]]>
              </value>
            </param>
            <param index="14">
              <value>
                <![CDATA[D:/IDC/Concussion app/Images/Red Raiders/2_BRANDON BOUYER-RANDLE_LineBacker.PNG]]>
              </value>
            </param>
            <param index="15">
              <value>
                <![CDATA[Offense]]>
              </value>
            </param>
            <param index="16">
              <value>
                <![CDATA[Wing-back]]>
              </value>
            </param>
            <param index="17">
              <value>
                <![CDATA[On Rehab]]>
              </value>
            </param>
          </params>
          <exception class="org.openqa.selenium.TimeoutException">
            <message>
              <![CDATA[Expected condition failed: waiting for element to be clickable: By.xpath: //span[text()='Add Activity'] (tried for 15 second(s) with 500 milliseconds interval)]]>
            </message>
            <full-stacktrace>
              <![CDATA[org.openqa.selenium.TimeoutException: Expected condition failed: waiting for element to be clickable: By.xpath: //span[text()='Add Activity'] (tried for 15 second(s) with 500 milliseconds interval)
at org.openqa.selenium.support.ui.WebDriverWait.timeoutException(WebDriverWait.java:95)
at org.openqa.selenium.support.ui.FluentWait.until(FluentWait.java:272)
at org.ca.webportal.pages.CAHomePage.waitforCAHomepagetoload(CAHomePage.java:18)
at org.ca.webportal.testcases.TC004_CA_AddPlayerForExisitingTeam.addActivity(TC004_CA_AddPlayerForExisitingTeam.java:45)
at sun.reflect.NativeMethodAccessorImpl.invoke0(Native Method)
at sun.reflect.NativeMethodAccessorImpl.invoke(Unknown Source)
at sun.reflect.DelegatingMethodAccessorImpl.invoke(Unknown Source)
at java.lang.reflect.Method.invoke(Unknown Source)
at org.testng.internal.MethodInvocationHelper.invokeMethod(MethodInvocationHelper.java:133)
at org.testng.internal.TestInvoker.invokeMethod(TestInvoker.java:584)
at org.testng.internal.TestInvoker.invokeTestMethod(TestInvoker.java:172)
at org.testng.internal.MethodRunner.runInSequence(MethodRunner.java:46)
at org.testng.internal.TestInvoker$MethodInvocationAgent.invoke(TestInvoker.java:804)
at org.testng.internal.TestInvoker.invokeTestMethods(TestInvoker.java:145)
at org.testng.internal.TestMethodWorker.invokeTestMethods(TestMethodWorker.java:146)
at org.testng.internal.TestMethodWorker.run(TestMethodWorker.java:128)
at java.util.ArrayList.forEach(Unknown Source)
at org.testng.TestRunner.privateRun(TestRunner.java:770)
at org.testng.TestRunner.run(TestRunner.java:591)
at org.testng.SuiteRunner.runTest(SuiteRunner.java:402)
at org.testng.SuiteRunner.runSequentially(SuiteRunner.java:396)
at org.testng.SuiteRunner.privateRun(SuiteRunner.java:355)
at org.testng.SuiteRunner.run(SuiteRunner.java:304)
at org.testng.SuiteRunnerWorker.runSuite(SuiteRunnerWorker.java:53)
at org.testng.SuiteRunnerWorker.run(SuiteRunnerWorker.java:96)
at org.testng.TestNG.runSuitesSequentially(TestNG.java:1180)
at org.testng.TestNG.runSuitesLocally(TestNG.java:1102)
at org.testng.TestNG.runSuites(TestNG.java:1032)
at org.testng.TestNG.run(TestNG.java:1000)
at org.testng.remote.AbstractRemoteTestNG.run(AbstractRemoteTestNG.java:115)
at org.testng.remote.RemoteTestNG.initAndRun(RemoteTestNG.java:251)
at org.testng.remote.RemoteTestNG.main(RemoteTestNG.java:77)
Caused by: org.openqa.selenium.NoSuchElementException: no such element: Unable to locate element: {"method":"xpath","selector":"//span[text()='Add Activity']"}
  (Session info: chrome=91.0.4472.124)
For documentation on this error, please visit: https://www.seleniumhq.org/exceptions/no_such_element.html
Build info: version: '3.141.59', revision: 'e82be7d358', time: '2018-11-14T08:17:03'
System info: host: 'DESKTOP-1K1DTO8', ip: '192.168.10.1', os.name: 'Windows 10', os.arch: 'amd64', os.version: '10.0', java.version: '1.8.0_241'
Driver info: org.openqa.selenium.chrome.ChromeDriver
Capabilities {acceptInsecureCerts: false, browserName: chrome, browserVersion: 91.0.4472.124, chrome: {chromedriverVersion: 91.0.4472.101 (af52a90bf870..., userDataDir: C:\Users\user\AppData\Local...}, goog:chromeOptions: {debuggerAddress: localhost:62217}, javascriptEnabled: true, networkConnectionEnabled: false, pageLoadStrategy: normal, platform: WINDOWS, platformName: WINDOWS, proxy: Proxy(), setWindowRect: true, strictFileInteractability: false, timeouts: {implicit: 0, pageLoad: 300000, script: 30000}, unhandledPromptBehavior: dismiss and notify, webauthn:extension:largeBlob: true, webauthn:virtualAuthenticators: true}
Session ID: f29045af2ba04c597eee3b21650ca0ef
*** Element info: {Using=xpath, value=//span[text()='Add Activity']}
at sun.reflect.NativeConstructorAccessorImpl.newInstance0(Native Method)
at sun.reflect.NativeConstructorAccessorImpl.newInstance(Unknown Source)
at sun.reflect.DelegatingConstructorAccessorImpl.newInstance(Unknown Source)
at java.lang.reflect.Constructor.newInstance(Unknown Source)
at org.openqa.selenium.remote.http.W3CHttpResponseCodec.createException(W3CHttpResponseCodec.java:187)
at org.openqa.selenium.remote.http.W3CHttpResponseCodec.decode(W3CHttpResponseCodec.java:122)
at org.openqa.selenium.remote.http.W3CHttpResponseCodec.decode(W3CHttpResponseCodec.java:49)
at org.openqa.selenium.remote.HttpCommandExecutor.execute(HttpCommandExecutor.java:158)
at org.openqa.selenium.remote.service.DriverCommandExecutor.execute(DriverCommandExecutor.java:83)
at org.openqa.selenium.remote.RemoteWebDriver.execute(RemoteWebDriver.java:552)
at org.openqa.selenium.remote.RemoteWebDriver.findElement(RemoteWebDriver.java:323)
at org.openqa.selenium.remote.RemoteWebDriver.findElementByXPath(RemoteWebDriver.java:428)
at org.openqa.selenium.By$ByXPath.findElement(By.java:353)
at org.openqa.selenium.remote.RemoteWebDriver.findElement(RemoteWebDriver.java:315)
at org.openqa.selenium.support.ui.ExpectedConditions$7.apply(ExpectedConditions.java:205)
at org.openqa.selenium.support.ui.ExpectedConditions$7.apply(ExpectedConditions.java:201)
at org.openqa.selenium.support.ui.ExpectedConditions$22.apply(ExpectedConditions.java:641)
at org.openqa.selenium.support.ui.ExpectedConditions$22.apply(ExpectedConditions.java:638)
at org.openqa.selenium.support.ui.FluentWait.until(FluentWait.java:249)
... 30 more
]]>
            </full-stacktrace>
          </exception> <!-- org.openqa.selenium.TimeoutException -->
          <reporter-output>
          </reporter-output>
        </test-method> <!-- addActivity -->
        <test-method status="PASS" signature="closeBrowser()[pri:0, instance:org.ca.webportal.testcases.TC004_CA_AddPlayerForExisitingTeam@3fd7a715]" name="closeBrowser" is-config="true" duration-ms="631" started-at="2021-07-09T21:07:56 IST" finished-at="2021-07-09T21:07:57 IST">
          <reporter-output>
          </reporter-output>
        </test-method> <!-- closeBrowser -->
        <test-method status="PASS" signature="launchBrowser()[pri:0, instance:org.ca.webportal.testcases.TC004_CA_AddPlayerForExisitingTeam@3fd7a715]" name="launchBrowser" is-config="true" duration-ms="1123" started-at="2021-07-09T21:07:57 IST" finished-at="2021-07-09T21:07:58 IST">
          <reporter-output>
          </reporter-output>
        </test-method> <!-- launchBrowser -->
        <test-method status="FAIL" signature="addActivity(java.lang.String, java.lang.String, java.lang.String, java.lang.String, java.lang.String, java.lang.String, java.lang.String, java.lang.String, java.lang.String, java.lang.String, java.lang.String, java.lang.String, java.lang.String, java.lang.String, java.lang.String, java.lang.String, java.lang.String, java.lang.String)[pri:0, instance:org.ca.webportal.testcases.TC004_CA_AddPlayerForExisitingTeam@3fd7a715]" name="addActivity" duration-ms="36402" started-at="2021-07-09T21:07:58 IST" data-provider="exceldata" finished-at="2021-07-09T21:08:35 IST">
          <params>
            <param index="0">
              <value>
                <![CDATA[http://concussion-admin-web-dev.s3-website-us-east-1.amazonaws.com/]]>
              </value>
            </param>
            <param index="1">
              <value>
                <![CDATA[santhoshnarendra@gmail.com]]>
              </value>
            </param>
            <param index="2">
              <value>
                <![CDATA[TESTtest123]]>
              </value>
            </param>
            <param index="3">
              <value>
                <![CDATA[Football]]>
              </value>
            </param>
            <param index="4">
              <value>
                <![CDATA[Yes]]>
              </value>
            </param>
            <param index="5">
              <value>
                <![CDATA[Right Field,Left Field,Center Field,First Base,Second Base, Thrid Base, Umpire]]>
              </value>
            </param>
            <param index="6">
              <value>
                <![CDATA[tigers]]>
              </value>
            </param>
            <param index="7">
              <value>
                <![CDATA[D:/IDC/Concussion app/Images/Red Raiders/Red Raiders Team logo.PNG]]>
              </value>
            </param>
            <param index="8">
              <value>
                <![CDATA[Jones AT&T Stadium]]>
              </value>
            </param>
            <param index="9">
              <value>
                <![CDATA[tiger3]]>
              </value>
            </param>
            <param index="10">
              <value>
                <![CDATA[03]]>
              </value>
            </param>
            <param index="11">
              <value>
                <![CDATA[tiger3@mail.com]]>
              </value>
            </param>
            <param index="12">
              <value>
                <![CDATA[India]]>
              </value>
            </param>
            <param index="13">
              <value>
                <![CDATA[9856477623]]>
              </value>
            </param>
            <param index="14">
              <value>
                <![CDATA[D:/IDC/Concussion app/Images/Red Raiders/2_BRANDON BOUYER-RANDLE_LineBacker.PNG]]>
              </value>
            </param>
            <param index="15">
              <value>
                <![CDATA[Defense]]>
              </value>
            </param>
            <param index="16">
              <value>
                <![CDATA[Centre-back]]>
              </value>
            </param>
            <param index="17">
              <value>
                <![CDATA[Ready]]>
              </value>
            </param>
          </params>
          <exception class="org.openqa.selenium.TimeoutException">
            <message>
              <![CDATA[Expected condition failed: waiting for element to be clickable: By.xpath: //span[text()='Add Activity'] (tried for 15 second(s) with 500 milliseconds interval)]]>
            </message>
            <full-stacktrace>
              <![CDATA[org.openqa.selenium.TimeoutException: Expected condition failed: waiting for element to be clickable: By.xpath: //span[text()='Add Activity'] (tried for 15 second(s) with 500 milliseconds interval)
at org.openqa.selenium.support.ui.WebDriverWait.timeoutException(WebDriverWait.java:95)
at org.openqa.selenium.support.ui.FluentWait.until(FluentWait.java:272)
at org.ca.webportal.pages.CAHomePage.waitforCAHomepagetoload(CAHomePage.java:18)
at org.ca.webportal.testcases.TC004_CA_AddPlayerForExisitingTeam.addActivity(TC004_CA_AddPlayerForExisitingTeam.java:45)
at sun.reflect.NativeMethodAccessorImpl.invoke0(Native Method)
at sun.reflect.NativeMethodAccessorImpl.invoke(Unknown Source)
at sun.reflect.DelegatingMethodAccessorImpl.invoke(Unknown Source)
at java.lang.reflect.Method.invoke(Unknown Source)
at org.testng.internal.MethodInvocationHelper.invokeMethod(MethodInvocationHelper.java:133)
at org.testng.internal.TestInvoker.invokeMethod(TestInvoker.java:584)
at org.testng.internal.TestInvoker.invokeTestMethod(TestInvoker.java:172)
at org.testng.internal.MethodRunner.runInSequence(MethodRunner.java:46)
at org.testng.internal.TestInvoker$MethodInvocationAgent.invoke(TestInvoker.java:804)
at org.testng.internal.TestInvoker.invokeTestMethods(TestInvoker.java:145)
at org.testng.internal.TestMethodWorker.invokeTestMethods(TestMethodWorker.java:146)
at org.testng.internal.TestMethodWorker.run(TestMethodWorker.java:128)
at java.util.ArrayList.forEach(Unknown Source)
at org.testng.TestRunner.privateRun(TestRunner.java:770)
at org.testng.TestRunner.run(TestRunner.java:591)
at org.testng.SuiteRunner.runTest(SuiteRunner.java:402)
at org.testng.SuiteRunner.runSequentially(SuiteRunner.java:396)
at org.testng.SuiteRunner.privateRun(SuiteRunner.java:355)
at org.testng.SuiteRunner.run(SuiteRunner.java:304)
at org.testng.SuiteRunnerWorker.runSuite(SuiteRunnerWorker.java:53)
at org.testng.SuiteRunnerWorker.run(SuiteRunnerWorker.java:96)
at org.testng.TestNG.runSuitesSequentially(TestNG.java:1180)
at org.testng.TestNG.runSuitesLocally(TestNG.java:1102)
at org.testng.TestNG.runSuites(TestNG.java:1032)
at org.testng.TestNG.run(TestNG.java:1000)
at org.testng.remote.AbstractRemoteTestNG.run(AbstractRemoteTestNG.java:115)
at org.testng.remote.RemoteTestNG.initAndRun(RemoteTestNG.java:251)
at org.testng.remote.RemoteTestNG.main(RemoteTestNG.java:77)
Caused by: org.openqa.selenium.NoSuchElementException: no such element: Unable to locate element: {"method":"xpath","selector":"//span[text()='Add Activity']"}
  (Session info: chrome=91.0.4472.124)
For documentation on this error, please visit: https://www.seleniumhq.org/exceptions/no_such_element.html
Build info: version: '3.141.59', revision: 'e82be7d358', time: '2018-11-14T08:17:03'
System info: host: 'DESKTOP-1K1DTO8', ip: '192.168.10.1', os.name: 'Windows 10', os.arch: 'amd64', os.version: '10.0', java.version: '1.8.0_241'
Driver info: org.openqa.selenium.chrome.ChromeDriver
Capabilities {acceptInsecureCerts: false, browserName: chrome, browserVersion: 91.0.4472.124, chrome: {chromedriverVersion: 91.0.4472.101 (af52a90bf870..., userDataDir: C:\Users\user\AppData\Local...}, goog:chromeOptions: {debuggerAddress: localhost:64547}, javascriptEnabled: true, networkConnectionEnabled: false, pageLoadStrategy: normal, platform: WINDOWS, platformName: WINDOWS, proxy: Proxy(), setWindowRect: true, strictFileInteractability: false, timeouts: {implicit: 0, pageLoad: 300000, script: 30000}, unhandledPromptBehavior: dismiss and notify, webauthn:extension:largeBlob: true, webauthn:virtualAuthenticators: true}
Session ID: b99b9d8a909b41987f99c6f9c2abc5c3
*** Element info: {Using=xpath, value=//span[text()='Add Activity']}
at sun.reflect.NativeConstructorAccessorImpl.newInstance0(Native Method)
at sun.reflect.NativeConstructorAccessorImpl.newInstance(Unknown Source)
at sun.reflect.DelegatingConstructorAccessorImpl.newInstance(Unknown Source)
at java.lang.reflect.Constructor.newInstance(Unknown Source)
at org.openqa.selenium.remote.http.W3CHttpResponseCodec.createException(W3CHttpResponseCodec.java:187)
at org.openqa.selenium.remote.http.W3CHttpResponseCodec.decode(W3CHttpResponseCodec.java:122)
at org.openqa.selenium.remote.http.W3CHttpResponseCodec.decode(W3CHttpResponseCodec.java:49)
at org.openqa.selenium.remote.HttpCommandExecutor.execute(HttpCommandExecutor.java:158)
at org.openqa.selenium.remote.service.DriverCommandExecutor.execute(DriverCommandExecutor.java:83)
at org.openqa.selenium.remote.RemoteWebDriver.execute(RemoteWebDriver.java:552)
at org.openqa.selenium.remote.RemoteWebDriver.findElement(RemoteWebDriver.java:323)
at org.openqa.selenium.remote.RemoteWebDriver.findElementByXPath(RemoteWebDriver.java:428)
at org.openqa.selenium.By$ByXPath.findElement(By.java:353)
at org.openqa.selenium.remote.RemoteWebDriver.findElement(RemoteWebDriver.java:315)
at org.openqa.selenium.support.ui.ExpectedConditions$7.apply(ExpectedConditions.java:205)
at org.openqa.selenium.support.ui.ExpectedConditions$7.apply(ExpectedConditions.java:201)
at org.openqa.selenium.support.ui.ExpectedConditions$22.apply(ExpectedConditions.java:641)
at org.openqa.selenium.support.ui.ExpectedConditions$22.apply(ExpectedConditions.java:638)
at org.openqa.selenium.support.ui.FluentWait.until(FluentWait.java:249)
... 30 more
]]>
            </full-stacktrace>
          </exception> <!-- org.openqa.selenium.TimeoutException -->
          <reporter-output>
          </reporter-output>
        </test-method> <!-- addActivity -->
        <test-method status="PASS" signature="closeBrowser()[pri:0, instance:org.ca.webportal.testcases.TC004_CA_AddPlayerForExisitingTeam@3fd7a715]" name="closeBrowser" is-config="true" duration-ms="618" started-at="2021-07-09T21:08:35 IST" finished-at="2021-07-09T21:08:35 IST">
          <reporter-output>
          </reporter-output>
        </test-method> <!-- closeBrowser -->
        <test-method status="PASS" signature="launchBrowser()[pri:0, instance:org.ca.webportal.testcases.TC004_CA_AddPlayerForExisitingTeam@3fd7a715]" name="launchBrowser" is-config="true" duration-ms="1142" started-at="2021-07-09T21:08:35 IST" finished-at="2021-07-09T21:08:36 IST">
          <reporter-output>
          </reporter-output>
        </test-method> <!-- launchBrowser -->
        <test-method status="FAIL" signature="addActivity(java.lang.String, java.lang.String, java.lang.String, java.lang.String, java.lang.String, java.lang.String, java.lang.String, java.lang.String, java.lang.String, java.lang.String, java.lang.String, java.lang.String, java.lang.String, java.lang.String, java.lang.String, java.lang.String, java.lang.String, java.lang.String)[pri:0, instance:org.ca.webportal.testcases.TC004_CA_AddPlayerForExisitingTeam@3fd7a715]" name="addActivity" duration-ms="36467" started-at="2021-07-09T21:08:36 IST" data-provider="exceldata" finished-at="2021-07-09T21:09:13 IST">
          <params>
            <param index="0">
              <value>
                <![CDATA[http://concussion-admin-web-dev.s3-website-us-east-1.amazonaws.com/]]>
              </value>
            </param>
            <param index="1">
              <value>
                <![CDATA[santhoshnarendra@gmail.com]]>
              </value>
            </param>
            <param index="2">
              <value>
                <![CDATA[TESTtest123]]>
              </value>
            </param>
            <param index="3">
              <value>
                <![CDATA[Football]]>
              </value>
            </param>
            <param index="4">
              <value>
                <![CDATA[Yes]]>
              </value>
            </param>
            <param index="5">
              <value>
                <![CDATA[Right Field,Left Field,Center Field,First Base,Second Base, Thrid Base, Umpire]]>
              </value>
            </param>
            <param index="6">
              <value>
                <![CDATA[tigers]]>
              </value>
            </param>
            <param index="7">
              <value>
                <![CDATA[D:/IDC/Concussion app/Images/Red Raiders/Red Raiders Team logo.PNG]]>
              </value>
            </param>
            <param index="8">
              <value>
                <![CDATA[Jones AT&T Stadium]]>
              </value>
            </param>
            <param index="9">
              <value>
                <![CDATA[tiger4]]>
              </value>
            </param>
            <param index="10">
              <value>
                <![CDATA[04]]>
              </value>
            </param>
            <param index="11">
              <value>
                <![CDATA[tiger4@mail.com]]>
              </value>
            </param>
            <param index="12">
              <value>
                <![CDATA[US]]>
              </value>
            </param>
            <param index="13">
              <value>
                <![CDATA[9856477624]]>
              </value>
            </param>
            <param index="14">
              <value>
                <![CDATA[D:/IDC/Concussion app/Images/Red Raiders/2_BRANDON BOUYER-RANDLE_LineBacker.PNG]]>
              </value>
            </param>
            <param index="15">
              <value>
                <![CDATA[Offense]]>
              </value>
            </param>
            <param index="16">
              <value>
                <![CDATA[Sweeper]]>
              </value>
            </param>
            <param index="17">
              <value>
                <![CDATA[On Rehab]]>
              </value>
            </param>
          </params>
          <exception class="org.openqa.selenium.TimeoutException">
            <message>
              <![CDATA[Expected condition failed: waiting for element to be clickable: By.xpath: //span[text()='Add Activity'] (tried for 15 second(s) with 500 milliseconds interval)]]>
            </message>
            <full-stacktrace>
              <![CDATA[org.openqa.selenium.TimeoutException: Expected condition failed: waiting for element to be clickable: By.xpath: //span[text()='Add Activity'] (tried for 15 second(s) with 500 milliseconds interval)
at org.openqa.selenium.support.ui.WebDriverWait.timeoutException(WebDriverWait.java:95)
at org.openqa.selenium.support.ui.FluentWait.until(FluentWait.java:272)
at org.ca.webportal.pages.CAHomePage.waitforCAHomepagetoload(CAHomePage.java:18)
at org.ca.webportal.testcases.TC004_CA_AddPlayerForExisitingTeam.addActivity(TC004_CA_AddPlayerForExisitingTeam.java:45)
at sun.reflect.NativeMethodAccessorImpl.invoke0(Native Method)
at sun.reflect.NativeMethodAccessorImpl.invoke(Unknown Source)
at sun.reflect.DelegatingMethodAccessorImpl.invoke(Unknown Source)
at java.lang.reflect.Method.invoke(Unknown Source)
at org.testng.internal.MethodInvocationHelper.invokeMethod(MethodInvocationHelper.java:133)
at org.testng.internal.TestInvoker.invokeMethod(TestInvoker.java:584)
at org.testng.internal.TestInvoker.invokeTestMethod(TestInvoker.java:172)
at org.testng.internal.MethodRunner.runInSequence(MethodRunner.java:46)
at org.testng.internal.TestInvoker$MethodInvocationAgent.invoke(TestInvoker.java:804)
at org.testng.internal.TestInvoker.invokeTestMethods(TestInvoker.java:145)
at org.testng.internal.TestMethodWorker.invokeTestMethods(TestMethodWorker.java:146)
at org.testng.internal.TestMethodWorker.run(TestMethodWorker.java:128)
at java.util.ArrayList.forEach(Unknown Source)
at org.testng.TestRunner.privateRun(TestRunner.java:770)
at org.testng.TestRunner.run(TestRunner.java:591)
at org.testng.SuiteRunner.runTest(SuiteRunner.java:402)
at org.testng.SuiteRunner.runSequentially(SuiteRunner.java:396)
at org.testng.SuiteRunner.privateRun(SuiteRunner.java:355)
at org.testng.SuiteRunner.run(SuiteRunner.java:304)
at org.testng.SuiteRunnerWorker.runSuite(SuiteRunnerWorker.java:53)
at org.testng.SuiteRunnerWorker.run(SuiteRunnerWorker.java:96)
at org.testng.TestNG.runSuitesSequentially(TestNG.java:1180)
at org.testng.TestNG.runSuitesLocally(TestNG.java:1102)
at org.testng.TestNG.runSuites(TestNG.java:1032)
at org.testng.TestNG.run(TestNG.java:1000)
at org.testng.remote.AbstractRemoteTestNG.run(AbstractRemoteTestNG.java:115)
at org.testng.remote.RemoteTestNG.initAndRun(RemoteTestNG.java:251)
at org.testng.remote.RemoteTestNG.main(RemoteTestNG.java:77)
Caused by: org.openqa.selenium.NoSuchElementException: no such element: Unable to locate element: {"method":"xpath","selector":"//span[text()='Add Activity']"}
  (Session info: chrome=91.0.4472.124)
For documentation on this error, please visit: https://www.seleniumhq.org/exceptions/no_such_element.html
Build info: version: '3.141.59', revision: 'e82be7d358', time: '2018-11-14T08:17:03'
System info: host: 'DESKTOP-1K1DTO8', ip: '192.168.10.1', os.name: 'Windows 10', os.arch: 'amd64', os.version: '10.0', java.version: '1.8.0_241'
Driver info: org.openqa.selenium.chrome.ChromeDriver
Capabilities {acceptInsecureCerts: false, browserName: chrome, browserVersion: 91.0.4472.124, chrome: {chromedriverVersion: 91.0.4472.101 (af52a90bf870..., userDataDir: C:\Users\user\AppData\Local...}, goog:chromeOptions: {debuggerAddress: localhost:61461}, javascriptEnabled: true, networkConnectionEnabled: false, pageLoadStrategy: normal, platform: WINDOWS, platformName: WINDOWS, proxy: Proxy(), setWindowRect: true, strictFileInteractability: false, timeouts: {implicit: 0, pageLoad: 300000, script: 30000}, unhandledPromptBehavior: dismiss and notify, webauthn:extension:largeBlob: true, webauthn:virtualAuthenticators: true}
Session ID: fa0444dafb2456411e95b69e5523dddc
*** Element info: {Using=xpath, value=//span[text()='Add Activity']}
at sun.reflect.NativeConstructorAccessorImpl.newInstance0(Native Method)
at sun.reflect.NativeConstructorAccessorImpl.newInstance(Unknown Source)
at sun.reflect.DelegatingConstructorAccessorImpl.newInstance(Unknown Source)
at java.lang.reflect.Constructor.newInstance(Unknown Source)
at org.openqa.selenium.remote.http.W3CHttpResponseCodec.createException(W3CHttpResponseCodec.java:187)
at org.openqa.selenium.remote.http.W3CHttpResponseCodec.decode(W3CHttpResponseCodec.java:122)
at org.openqa.selenium.remote.http.W3CHttpResponseCodec.decode(W3CHttpResponseCodec.java:49)
at org.openqa.selenium.remote.HttpCommandExecutor.execute(HttpCommandExecutor.java:158)
at org.openqa.selenium.remote.service.DriverCommandExecutor.execute(DriverCommandExecutor.java:83)
at org.openqa.selenium.remote.RemoteWebDriver.execute(RemoteWebDriver.java:552)
at org.openqa.selenium.remote.RemoteWebDriver.findElement(RemoteWebDriver.java:323)
at org.openqa.selenium.remote.RemoteWebDriver.findElementByXPath(RemoteWebDriver.java:428)
at org.openqa.selenium.By$ByXPath.findElement(By.java:353)
at org.openqa.selenium.remote.RemoteWebDriver.findElement(RemoteWebDriver.java:315)
at org.openqa.selenium.support.ui.ExpectedConditions$7.apply(ExpectedConditions.java:205)
at org.openqa.selenium.support.ui.ExpectedConditions$7.apply(ExpectedConditions.java:201)
at org.openqa.selenium.support.ui.ExpectedConditions$22.apply(ExpectedConditions.java:641)
at org.openqa.selenium.support.ui.ExpectedConditions$22.apply(ExpectedConditions.java:638)
at org.openqa.selenium.support.ui.FluentWait.until(FluentWait.java:249)
... 30 more
]]>
            </full-stacktrace>
          </exception> <!-- org.openqa.selenium.TimeoutException -->
          <reporter-output>
          </reporter-output>
        </test-method> <!-- addActivity -->
        <test-method status="PASS" signature="closeBrowser()[pri:0, instance:org.ca.webportal.testcases.TC004_CA_AddPlayerForExisitingTeam@3fd7a715]" name="closeBrowser" is-config="true" duration-ms="639" started-at="2021-07-09T21:09:13 IST" finished-at="2021-07-09T21:09:13 IST">
          <reporter-output>
          </reporter-output>
        </test-method> <!-- closeBrowser -->
      </class> <!-- org.ca.webportal.testcases.TC004_CA_AddPlayerForExisitingTeam -->
    </test> <!-- CARegression -->
  </suite> <!-- Suite -->
</testng-results>
