<?xml version="1.0" encoding="UTF-8"?>
<!-- Generated by org.testng.reporters.JUnitXMLReporter -->
<testsuite hostname="DESKTOP-1K1DTO8" ignored="0" name="CARegression" tests="7" failures="7" timestamp="2021-07-09T21:09:13 IST" time="152.739" errors="0">
  <testcase name="addActivity" time="0.375" classname="org.ca.webportal.testcases.TC003_CA_AddTeam">
    <failure type="org.testng.internal.reflect.MethodMatcherException" message="
[public void org.ca.webportal.testcases.TC003_CA_AddTeam.addActivity(java.lang.String,java.lang.String,java.lang.String,java.lang.String,java.lang.String,java.lang.String,java.lang.String,java.lang.String,java.lang.String) throws java.lang.InterruptedException,java.awt.AWTException] has no parameters defined but was found to be using a data provider (either explicitly specified or inherited from class level annotation).
Data provider mismatch
Method: addActivity([Parameter{index=0, type=java.lang.String, declaredAnnotations=[]}, Parameter{index=1, type=java.lang.String, declaredAnnotations=[]}, Parameter{index=2, type=java.lang.String, declaredAnnotations=[]}, Parameter{index=3, type=java.lang.String, declaredAnnotations=[]}, Parameter{index=4, type=java.lang.String, declaredAnnotations=[]}, Parameter{index=5, type=java.lang.String, declaredAnnotations=[]}, Parameter{index=6, type=java.lang.String, declaredAnnotations=[]}, Parameter{index=7, type=java.lang.String, declaredAnnotations=[]}, Parameter{index=8, type=java.lang.String, declaredAnnotations=[]}])
Arguments: [(java.lang.String) http://concussion-admin-web-dev.s3-website-us-east-1.amazonaws.com/,(java.lang.String) santhoshnarendra@gmail.com,(java.lang.String) TESTtest123,(java.lang.String) Football,(java.lang.String) Yes,(java.lang.String) Right Field,Left Field,Center Field,First Base,Second Base, Thrid Base, Umpire,(java.lang.String) tigers,(java.lang.String) D:/IDC/Concussion app/Images/Red Raiders/Red Raiders Team logo.PNG,(java.lang.String) Jones AT&amp;amp;T Stadium,(java.lang.String) tiger1,(java.lang.String) 01,(java.lang.String) tiger1@mail.com,(java.lang.String) India,(java.lang.String) 9856477621,(java.lang.String) D:/IDC/Concussion app/Images/Red Raiders/2_BRANDON BOUYER-RANDLE_LineBacker.PNG,(java.lang.String) Defense,(java.lang.String) Defender,(java.lang.String) Ready]">
      <![CDATA[org.testng.internal.reflect.MethodMatcherException: 
[public void org.ca.webportal.testcases.TC003_CA_AddTeam.addActivity(java.lang.String,java.lang.String,java.lang.String,java.lang.String,java.lang.String,java.lang.String,java.lang.String,java.lang.String,java.lang.String) throws java.lang.InterruptedException,java.awt.AWTException] has no parameters defined but was found to be using a data provider (either explicitly specified or inherited from class level annotation).
Data provider mismatch
Method: addActivity([Parameter{index=0, type=java.lang.String, declaredAnnotations=[]}, Parameter{index=1, type=java.lang.String, declaredAnnotations=[]}, Parameter{index=2, type=java.lang.String, declaredAnnotations=[]}, Parameter{index=3, type=java.lang.String, declaredAnnotations=[]}, Parameter{index=4, type=java.lang.String, declaredAnnotations=[]}, Parameter{index=5, type=java.lang.String, declaredAnnotations=[]}, Parameter{index=6, type=java.lang.String, declaredAnnotations=[]}, Parameter{index=7, type=java.lang.String, declaredAnnotations=[]}, Parameter{index=8, type=java.lang.String, declaredAnnotations=[]}])
Arguments: [(java.lang.String) http://concussion-admin-web-dev.s3-website-us-east-1.amazonaws.com/,(java.lang.String) santhoshnarendra@gmail.com,(java.lang.String) TESTtest123,(java.lang.String) Football,(java.lang.String) Yes,(java.lang.String) Right Field,Left Field,Center Field,First Base,Second Base, Thrid Base, Umpire,(java.lang.String) tigers,(java.lang.String) D:/IDC/Concussion app/Images/Red Raiders/Red Raiders Team logo.PNG,(java.lang.String) Jones AT&T Stadium,(java.lang.String) tiger1,(java.lang.String) 01,(java.lang.String) tiger1@mail.com,(java.lang.String) India,(java.lang.String) 9856477621,(java.lang.String) D:/IDC/Concussion app/Images/Red Raiders/2_BRANDON BOUYER-RANDLE_LineBacker.PNG,(java.lang.String) Defense,(java.lang.String) Defender,(java.lang.String) Ready]
at java.util.ArrayList.forEach(Unknown Source)
... Removed 22 stack frames]]>
    </failure>
  </testcase> <!-- addActivity -->
  <testcase name="loginLogout" time="0.038" classname="org.ca.webportal.testcases.TC001_CA_LoginLogout">
    <failure type="org.testng.internal.reflect.MethodMatcherException" message="
[public void org.ca.webportal.testcases.TC001_CA_LoginLogout.loginLogout(java.lang.String,java.lang.String,java.lang.String,java.lang.String,java.lang.String,java.lang.String) throws java.lang.InterruptedException] has no parameters defined but was found to be using a data provider (either explicitly specified or inherited from class level annotation).
Data provider mismatch
Method: loginLogout([Parameter{index=0, type=java.lang.String, declaredAnnotations=[]}, Parameter{index=1, type=java.lang.String, declaredAnnotations=[]}, Parameter{index=2, type=java.lang.String, declaredAnnotations=[]}, Parameter{index=3, type=java.lang.String, declaredAnnotations=[]}, Parameter{index=4, type=java.lang.String, declaredAnnotations=[]}, Parameter{index=5, type=java.lang.String, declaredAnnotations=[]}])
Arguments: [(java.lang.String) http://concussion-admin-web-dev.s3-website-us-east-1.amazonaws.com/,(java.lang.String) santhoshnarendra@gmail.com,(java.lang.String) TESTtest123,(java.lang.String) Football,(java.lang.String) Yes,(java.lang.String) Right Field,Left Field,Center Field,First Base,Second Base, Thrid Base, Umpire,(java.lang.String) tigers,(java.lang.String) D:/IDC/Concussion app/Images/Red Raiders/Red Raiders Team logo.PNG,(java.lang.String) Jones AT&amp;amp;T Stadium,(java.lang.String) tiger1,(java.lang.String) 01,(java.lang.String) tiger1@mail.com,(java.lang.String) India,(java.lang.String) 9856477621,(java.lang.String) D:/IDC/Concussion app/Images/Red Raiders/2_BRANDON BOUYER-RANDLE_LineBacker.PNG,(java.lang.String) Defense,(java.lang.String) Defender,(java.lang.String) Ready]">
      <![CDATA[org.testng.internal.reflect.MethodMatcherException: 
[public void org.ca.webportal.testcases.TC001_CA_LoginLogout.loginLogout(java.lang.String,java.lang.String,java.lang.String,java.lang.String,java.lang.String,java.lang.String) throws java.lang.InterruptedException] has no parameters defined but was found to be using a data provider (either explicitly specified or inherited from class level annotation).
Data provider mismatch
Method: loginLogout([Parameter{index=0, type=java.lang.String, declaredAnnotations=[]}, Parameter{index=1, type=java.lang.String, declaredAnnotations=[]}, Parameter{index=2, type=java.lang.String, declaredAnnotations=[]}, Parameter{index=3, type=java.lang.String, declaredAnnotations=[]}, Parameter{index=4, type=java.lang.String, declaredAnnotations=[]}, Parameter{index=5, type=java.lang.String, declaredAnnotations=[]}])
Arguments: [(java.lang.String) http://concussion-admin-web-dev.s3-website-us-east-1.amazonaws.com/,(java.lang.String) santhoshnarendra@gmail.com,(java.lang.String) TESTtest123,(java.lang.String) Football,(java.lang.String) Yes,(java.lang.String) Right Field,Left Field,Center Field,First Base,Second Base, Thrid Base, Umpire,(java.lang.String) tigers,(java.lang.String) D:/IDC/Concussion app/Images/Red Raiders/Red Raiders Team logo.PNG,(java.lang.String) Jones AT&T Stadium,(java.lang.String) tiger1,(java.lang.String) 01,(java.lang.String) tiger1@mail.com,(java.lang.String) India,(java.lang.String) 9856477621,(java.lang.String) D:/IDC/Concussion app/Images/Red Raiders/2_BRANDON BOUYER-RANDLE_LineBacker.PNG,(java.lang.String) Defense,(java.lang.String) Defender,(java.lang.String) Ready]
at java.util.ArrayList.forEach(Unknown Source)
... Removed 22 stack frames]]>
    </failure>
  </testcase> <!-- loginLogout -->
  <testcase name="addActivity" time="35.197" classname="org.ca.webportal.testcases.TC004_CA_AddPlayerForExisitingTeam">
    <failure type="org.openqa.selenium.TimeoutException" message="Expected condition failed: waiting for element to be clickable: By.xpath: //span[text()=&amp;apos;Add Activity&amp;apos;] (tried for 15 second(s) with 500 milliseconds interval)">
      <![CDATA[org.openqa.selenium.TimeoutException: Expected condition failed: waiting for element to be clickable: By.xpath: //span[text()='Add Activity'] (tried for 15 second(s) with 500 milliseconds interval)
at org.openqa.selenium.support.ui.WebDriverWait.timeoutException(WebDriverWait.java:95)
at org.openqa.selenium.support.ui.FluentWait.until(FluentWait.java:272)
at org.ca.webportal.pages.CAHomePage.waitforCAHomepagetoload(CAHomePage.java:18)
at org.ca.webportal.testcases.TC004_CA_AddPlayerForExisitingTeam.addActivity(TC004_CA_AddPlayerForExisitingTeam.java:45)
at java.util.ArrayList.forEach(Unknown Source)
Caused by: org.openqa.selenium.NoSuchElementException: no such element: Unable to locate element: {"method":"xpath","selector":"//span[text()='Add Activity']"}
  (Session info: chrome=91.0.4472.124)
For documentation on this error, please visit: https://www.seleniumhq.org/exceptions/no_such_element.html
Build info: version: '3.141.59', revision: 'e82be7d358', time: '2018-11-14T08:17:03'
System info: host: 'DESKTOP-1K1DTO8', ip: '192.168.10.1', os.name: 'Windows 10', os.arch: 'amd64', os.version: '10.0', java.version: '1.8.0_241'
Driver info: org.openqa.selenium.chrome.ChromeDriver
Capabilities {acceptInsecureCerts: false, browserName: chrome, browserVersion: 91.0.4472.124, chrome: {chromedriverVersion: 91.0.4472.101 (af52a90bf870..., userDataDir: C:\Users\user\AppData\Local...}, goog:chromeOptions: {debuggerAddress: localhost:50425}, javascriptEnabled: true, networkConnectionEnabled: false, pageLoadStrategy: normal, platform: WINDOWS, platformName: WINDOWS, proxy: Proxy(), setWindowRect: true, strictFileInteractability: false, timeouts: {implicit: 0, pageLoad: 300000, script: 30000}, unhandledPromptBehavior: dismiss and notify, webauthn:extension:largeBlob: true, webauthn:virtualAuthenticators: true}
Session ID: f2e56e639cfe0fa49f26a4c8814153d1
*** Element info: {Using=xpath, value=//span[text()='Add Activity']}
at org.openqa.selenium.remote.http.W3CHttpResponseCodec.createException(W3CHttpResponseCodec.java:187)
at org.openqa.selenium.remote.http.W3CHttpResponseCodec.decode(W3CHttpResponseCodec.java:122)
at org.openqa.selenium.remote.http.W3CHttpResponseCodec.decode(W3CHttpResponseCodec.java:49)
at org.openqa.selenium.remote.HttpCommandExecutor.execute(HttpCommandExecutor.java:158)
at org.openqa.selenium.remote.service.DriverCommandExecutor.execute(DriverCommandExecutor.java:83)
at org.openqa.selenium.remote.RemoteWebDriver.execute(RemoteWebDriver.java:552)
at org.openqa.selenium.remote.RemoteWebDriver.findElement(RemoteWebDriver.java:323)
at org.openqa.selenium.remote.RemoteWebDriver.findElementByXPath(RemoteWebDriver.java:428)
at org.openqa.selenium.By$ByXPath.findElement(By.java:353)
at org.openqa.selenium.remote.RemoteWebDriver.findElement(RemoteWebDriver.java:315)
at org.openqa.selenium.support.ui.ExpectedConditions$7.apply(ExpectedConditions.java:205)
at org.openqa.selenium.support.ui.ExpectedConditions$7.apply(ExpectedConditions.java:201)
at org.openqa.selenium.support.ui.ExpectedConditions$22.apply(ExpectedConditions.java:641)
at org.openqa.selenium.support.ui.ExpectedConditions$22.apply(ExpectedConditions.java:638)
at org.openqa.selenium.support.ui.FluentWait.until(FluentWait.java:249)
... 30 more
... Removed 31 stack frames]]>
    </failure>
  </testcase> <!-- addActivity -->
  <testcase name="addActivity" time="36.573" classname="org.ca.webportal.testcases.TC004_CA_AddPlayerForExisitingTeam">
    <failure type="org.openqa.selenium.TimeoutException" message="Expected condition failed: waiting for element to be clickable: By.xpath: //span[text()=&amp;apos;Add Activity&amp;apos;] (tried for 15 second(s) with 500 milliseconds interval)">
      <![CDATA[org.openqa.selenium.TimeoutException: Expected condition failed: waiting for element to be clickable: By.xpath: //span[text()='Add Activity'] (tried for 15 second(s) with 500 milliseconds interval)
at org.openqa.selenium.support.ui.WebDriverWait.timeoutException(WebDriverWait.java:95)
at org.openqa.selenium.support.ui.FluentWait.until(FluentWait.java:272)
at org.ca.webportal.pages.CAHomePage.waitforCAHomepagetoload(CAHomePage.java:18)
at org.ca.webportal.testcases.TC004_CA_AddPlayerForExisitingTeam.addActivity(TC004_CA_AddPlayerForExisitingTeam.java:45)
at java.util.ArrayList.forEach(Unknown Source)
Caused by: org.openqa.selenium.NoSuchElementException: no such element: Unable to locate element: {"method":"xpath","selector":"//span[text()='Add Activity']"}
  (Session info: chrome=91.0.4472.124)
For documentation on this error, please visit: https://www.seleniumhq.org/exceptions/no_such_element.html
Build info: version: '3.141.59', revision: 'e82be7d358', time: '2018-11-14T08:17:03'
System info: host: 'DESKTOP-1K1DTO8', ip: '192.168.10.1', os.name: 'Windows 10', os.arch: 'amd64', os.version: '10.0', java.version: '1.8.0_241'
Driver info: org.openqa.selenium.chrome.ChromeDriver
Capabilities {acceptInsecureCerts: false, browserName: chrome, browserVersion: 91.0.4472.124, chrome: {chromedriverVersion: 91.0.4472.101 (af52a90bf870..., userDataDir: C:\Users\user\AppData\Local...}, goog:chromeOptions: {debuggerAddress: localhost:62217}, javascriptEnabled: true, networkConnectionEnabled: false, pageLoadStrategy: normal, platform: WINDOWS, platformName: WINDOWS, proxy: Proxy(), setWindowRect: true, strictFileInteractability: false, timeouts: {implicit: 0, pageLoad: 300000, script: 30000}, unhandledPromptBehavior: dismiss and notify, webauthn:extension:largeBlob: true, webauthn:virtualAuthenticators: true}
Session ID: f29045af2ba04c597eee3b21650ca0ef
*** Element info: {Using=xpath, value=//span[text()='Add Activity']}
at org.openqa.selenium.remote.http.W3CHttpResponseCodec.createException(W3CHttpResponseCodec.java:187)
at org.openqa.selenium.remote.http.W3CHttpResponseCodec.decode(W3CHttpResponseCodec.java:122)
at org.openqa.selenium.remote.http.W3CHttpResponseCodec.decode(W3CHttpResponseCodec.java:49)
at org.openqa.selenium.remote.HttpCommandExecutor.execute(HttpCommandExecutor.java:158)
at org.openqa.selenium.remote.service.DriverCommandExecutor.execute(DriverCommandExecutor.java:83)
at org.openqa.selenium.remote.RemoteWebDriver.execute(RemoteWebDriver.java:552)
at org.openqa.selenium.remote.RemoteWebDriver.findElement(RemoteWebDriver.java:323)
at org.openqa.selenium.remote.RemoteWebDriver.findElementByXPath(RemoteWebDriver.java:428)
at org.openqa.selenium.By$ByXPath.findElement(By.java:353)
at org.openqa.selenium.remote.RemoteWebDriver.findElement(RemoteWebDriver.java:315)
at org.openqa.selenium.support.ui.ExpectedConditions$7.apply(ExpectedConditions.java:205)
at org.openqa.selenium.support.ui.ExpectedConditions$7.apply(ExpectedConditions.java:201)
at org.openqa.selenium.support.ui.ExpectedConditions$22.apply(ExpectedConditions.java:641)
at org.openqa.selenium.support.ui.ExpectedConditions$22.apply(ExpectedConditions.java:638)
at org.openqa.selenium.support.ui.FluentWait.until(FluentWait.java:249)
... 30 more
... Removed 31 stack frames]]>
    </failure>
  </testcase> <!-- addActivity -->
  <testcase name="addActivity" time="36.402" classname="org.ca.webportal.testcases.TC004_CA_AddPlayerForExisitingTeam">
    <failure type="org.openqa.selenium.TimeoutException" message="Expected condition failed: waiting for element to be clickable: By.xpath: //span[text()=&amp;apos;Add Activity&amp;apos;] (tried for 15 second(s) with 500 milliseconds interval)">
      <![CDATA[org.openqa.selenium.TimeoutException: Expected condition failed: waiting for element to be clickable: By.xpath: //span[text()='Add Activity'] (tried for 15 second(s) with 500 milliseconds interval)
at org.openqa.selenium.support.ui.WebDriverWait.timeoutException(WebDriverWait.java:95)
at org.openqa.selenium.support.ui.FluentWait.until(FluentWait.java:272)
at org.ca.webportal.pages.CAHomePage.waitforCAHomepagetoload(CAHomePage.java:18)
at org.ca.webportal.testcases.TC004_CA_AddPlayerForExisitingTeam.addActivity(TC004_CA_AddPlayerForExisitingTeam.java:45)
at java.util.ArrayList.forEach(Unknown Source)
Caused by: org.openqa.selenium.NoSuchElementException: no such element: Unable to locate element: {"method":"xpath","selector":"//span[text()='Add Activity']"}
  (Session info: chrome=91.0.4472.124)
For documentation on this error, please visit: https://www.seleniumhq.org/exceptions/no_such_element.html
Build info: version: '3.141.59', revision: 'e82be7d358', time: '2018-11-14T08:17:03'
System info: host: 'DESKTOP-1K1DTO8', ip: '192.168.10.1', os.name: 'Windows 10', os.arch: 'amd64', os.version: '10.0', java.version: '1.8.0_241'
Driver info: org.openqa.selenium.chrome.ChromeDriver
Capabilities {acceptInsecureCerts: false, browserName: chrome, browserVersion: 91.0.4472.124, chrome: {chromedriverVersion: 91.0.4472.101 (af52a90bf870..., userDataDir: C:\Users\user\AppData\Local...}, goog:chromeOptions: {debuggerAddress: localhost:64547}, javascriptEnabled: true, networkConnectionEnabled: false, pageLoadStrategy: normal, platform: WINDOWS, platformName: WINDOWS, proxy: Proxy(), setWindowRect: true, strictFileInteractability: false, timeouts: {implicit: 0, pageLoad: 300000, script: 30000}, unhandledPromptBehavior: dismiss and notify, webauthn:extension:largeBlob: true, webauthn:virtualAuthenticators: true}
Session ID: b99b9d8a909b41987f99c6f9c2abc5c3
*** Element info: {Using=xpath, value=//span[text()='Add Activity']}
at org.openqa.selenium.remote.http.W3CHttpResponseCodec.createException(W3CHttpResponseCodec.java:187)
at org.openqa.selenium.remote.http.W3CHttpResponseCodec.decode(W3CHttpResponseCodec.java:122)
at org.openqa.selenium.remote.http.W3CHttpResponseCodec.decode(W3CHttpResponseCodec.java:49)
at org.openqa.selenium.remote.HttpCommandExecutor.execute(HttpCommandExecutor.java:158)
at org.openqa.selenium.remote.service.DriverCommandExecutor.execute(DriverCommandExecutor.java:83)
at org.openqa.selenium.remote.RemoteWebDriver.execute(RemoteWebDriver.java:552)
at org.openqa.selenium.remote.RemoteWebDriver.findElement(RemoteWebDriver.java:323)
at org.openqa.selenium.remote.RemoteWebDriver.findElementByXPath(RemoteWebDriver.java:428)
at org.openqa.selenium.By$ByXPath.findElement(By.java:353)
at org.openqa.selenium.remote.RemoteWebDriver.findElement(RemoteWebDriver.java:315)
at org.openqa.selenium.support.ui.ExpectedConditions$7.apply(ExpectedConditions.java:205)
at org.openqa.selenium.support.ui.ExpectedConditions$7.apply(ExpectedConditions.java:201)
at org.openqa.selenium.support.ui.ExpectedConditions$22.apply(ExpectedConditions.java:641)
at org.openqa.selenium.support.ui.ExpectedConditions$22.apply(ExpectedConditions.java:638)
at org.openqa.selenium.support.ui.FluentWait.until(FluentWait.java:249)
... 30 more
... Removed 31 stack frames]]>
    </failure>
  </testcase> <!-- addActivity -->
  <testcase name="addActivity" time="36.467" classname="org.ca.webportal.testcases.TC004_CA_AddPlayerForExisitingTeam">
    <failure type="org.openqa.selenium.TimeoutException" message="Expected condition failed: waiting for element to be clickable: By.xpath: //span[text()=&amp;apos;Add Activity&amp;apos;] (tried for 15 second(s) with 500 milliseconds interval)">
      <![CDATA[org.openqa.selenium.TimeoutException: Expected condition failed: waiting for element to be clickable: By.xpath: //span[text()='Add Activity'] (tried for 15 second(s) with 500 milliseconds interval)
at org.openqa.selenium.support.ui.WebDriverWait.timeoutException(WebDriverWait.java:95)
at org.openqa.selenium.support.ui.FluentWait.until(FluentWait.java:272)
at org.ca.webportal.pages.CAHomePage.waitforCAHomepagetoload(CAHomePage.java:18)
at org.ca.webportal.testcases.TC004_CA_AddPlayerForExisitingTeam.addActivity(TC004_CA_AddPlayerForExisitingTeam.java:45)
at java.util.ArrayList.forEach(Unknown Source)
Caused by: org.openqa.selenium.NoSuchElementException: no such element: Unable to locate element: {"method":"xpath","selector":"//span[text()='Add Activity']"}
  (Session info: chrome=91.0.4472.124)
For documentation on this error, please visit: https://www.seleniumhq.org/exceptions/no_such_element.html
Build info: version: '3.141.59', revision: 'e82be7d358', time: '2018-11-14T08:17:03'
System info: host: 'DESKTOP-1K1DTO8', ip: '192.168.10.1', os.name: 'Windows 10', os.arch: 'amd64', os.version: '10.0', java.version: '1.8.0_241'
Driver info: org.openqa.selenium.chrome.ChromeDriver
Capabilities {acceptInsecureCerts: false, browserName: chrome, browserVersion: 91.0.4472.124, chrome: {chromedriverVersion: 91.0.4472.101 (af52a90bf870..., userDataDir: C:\Users\user\AppData\Local...}, goog:chromeOptions: {debuggerAddress: localhost:61461}, javascriptEnabled: true, networkConnectionEnabled: false, pageLoadStrategy: normal, platform: WINDOWS, platformName: WINDOWS, proxy: Proxy(), setWindowRect: true, strictFileInteractability: false, timeouts: {implicit: 0, pageLoad: 300000, script: 30000}, unhandledPromptBehavior: dismiss and notify, webauthn:extension:largeBlob: true, webauthn:virtualAuthenticators: true}
Session ID: fa0444dafb2456411e95b69e5523dddc
*** Element info: {Using=xpath, value=//span[text()='Add Activity']}
at org.openqa.selenium.remote.http.W3CHttpResponseCodec.createException(W3CHttpResponseCodec.java:187)
at org.openqa.selenium.remote.http.W3CHttpResponseCodec.decode(W3CHttpResponseCodec.java:122)
at org.openqa.selenium.remote.http.W3CHttpResponseCodec.decode(W3CHttpResponseCodec.java:49)
at org.openqa.selenium.remote.HttpCommandExecutor.execute(HttpCommandExecutor.java:158)
at org.openqa.selenium.remote.service.DriverCommandExecutor.execute(DriverCommandExecutor.java:83)
at org.openqa.selenium.remote.RemoteWebDriver.execute(RemoteWebDriver.java:552)
at org.openqa.selenium.remote.RemoteWebDriver.findElement(RemoteWebDriver.java:323)
at org.openqa.selenium.remote.RemoteWebDriver.findElementByXPath(RemoteWebDriver.java:428)
at org.openqa.selenium.By$ByXPath.findElement(By.java:353)
at org.openqa.selenium.remote.RemoteWebDriver.findElement(RemoteWebDriver.java:315)
at org.openqa.selenium.support.ui.ExpectedConditions$7.apply(ExpectedConditions.java:205)
at org.openqa.selenium.support.ui.ExpectedConditions$7.apply(ExpectedConditions.java:201)
at org.openqa.selenium.support.ui.ExpectedConditions$22.apply(ExpectedConditions.java:641)
at org.openqa.selenium.support.ui.ExpectedConditions$22.apply(ExpectedConditions.java:638)
at org.openqa.selenium.support.ui.FluentWait.until(FluentWait.java:249)
... 30 more
... Removed 31 stack frames]]>
    </failure>
  </testcase> <!-- addActivity -->
  <testcase name="addActivity" time="0.045" classname="org.ca.webportal.testcases.TC002_CA_AddActivity">
    <failure type="org.testng.internal.reflect.MethodMatcherException" message="
[public void org.ca.webportal.testcases.TC002_CA_AddActivity.addActivity(java.lang.String,java.lang.String,java.lang.String,java.lang.String,java.lang.String,java.lang.String) throws java.lang.InterruptedException,java.awt.AWTException] has no parameters defined but was found to be using a data provider (either explicitly specified or inherited from class level annotation).
Data provider mismatch
Method: addActivity([Parameter{index=0, type=java.lang.String, declaredAnnotations=[]}, Parameter{index=1, type=java.lang.String, declaredAnnotations=[]}, Parameter{index=2, type=java.lang.String, declaredAnnotations=[]}, Parameter{index=3, type=java.lang.String, declaredAnnotations=[]}, Parameter{index=4, type=java.lang.String, declaredAnnotations=[]}, Parameter{index=5, type=java.lang.String, declaredAnnotations=[]}])
Arguments: [(java.lang.String) http://concussion-admin-web-dev.s3-website-us-east-1.amazonaws.com/,(java.lang.String) santhoshnarendra@gmail.com,(java.lang.String) TESTtest123,(java.lang.String) Football,(java.lang.String) Yes,(java.lang.String) Right Field,Left Field,Center Field,First Base,Second Base, Thrid Base, Umpire,(java.lang.String) tigers,(java.lang.String) D:/IDC/Concussion app/Images/Red Raiders/Red Raiders Team logo.PNG,(java.lang.String) Jones AT&amp;amp;T Stadium,(java.lang.String) tiger1,(java.lang.String) 01,(java.lang.String) tiger1@mail.com,(java.lang.String) India,(java.lang.String) 9856477621,(java.lang.String) D:/IDC/Concussion app/Images/Red Raiders/2_BRANDON BOUYER-RANDLE_LineBacker.PNG,(java.lang.String) Defense,(java.lang.String) Defender,(java.lang.String) Ready]">
      <![CDATA[org.testng.internal.reflect.MethodMatcherException: 
[public void org.ca.webportal.testcases.TC002_CA_AddActivity.addActivity(java.lang.String,java.lang.String,java.lang.String,java.lang.String,java.lang.String,java.lang.String) throws java.lang.InterruptedException,java.awt.AWTException] has no parameters defined but was found to be using a data provider (either explicitly specified or inherited from class level annotation).
Data provider mismatch
Method: addActivity([Parameter{index=0, type=java.lang.String, declaredAnnotations=[]}, Parameter{index=1, type=java.lang.String, declaredAnnotations=[]}, Parameter{index=2, type=java.lang.String, declaredAnnotations=[]}, Parameter{index=3, type=java.lang.String, declaredAnnotations=[]}, Parameter{index=4, type=java.lang.String, declaredAnnotations=[]}, Parameter{index=5, type=java.lang.String, declaredAnnotations=[]}])
Arguments: [(java.lang.String) http://concussion-admin-web-dev.s3-website-us-east-1.amazonaws.com/,(java.lang.String) santhoshnarendra@gmail.com,(java.lang.String) TESTtest123,(java.lang.String) Football,(java.lang.String) Yes,(java.lang.String) Right Field,Left Field,Center Field,First Base,Second Base, Thrid Base, Umpire,(java.lang.String) tigers,(java.lang.String) D:/IDC/Concussion app/Images/Red Raiders/Red Raiders Team logo.PNG,(java.lang.String) Jones AT&T Stadium,(java.lang.String) tiger1,(java.lang.String) 01,(java.lang.String) tiger1@mail.com,(java.lang.String) India,(java.lang.String) 9856477621,(java.lang.String) D:/IDC/Concussion app/Images/Red Raiders/2_BRANDON BOUYER-RANDLE_LineBacker.PNG,(java.lang.String) Defense,(java.lang.String) Defender,(java.lang.String) Ready]
at java.util.ArrayList.forEach(Unknown Source)
... Removed 22 stack frames]]>
    </failure>
  </testcase> <!-- addActivity -->
</testsuite> <!-- CARegression -->
